TN:
SF:app.js
FN:19,(anonymous_0)
FN:24,(anonymous_1)
FNF:2
FNH:0
FNDA:0,(anonymous_0)
FNDA:0,(anonymous_1)
DA:1,1
DA:2,1
DA:3,1
DA:4,1
DA:6,1
DA:8,1
DA:9,1
DA:10,1
DA:11,1
DA:16,1
DA:19,1
DA:20,0
DA:24,1
DA:26,0
DA:27,0
DA:30,0
DA:33,1
LF:17
LH:13
BRDA:27,0,0,0
BRDA:27,0,1,0
BRDA:30,1,0,0
BRDA:30,1,1,0
BRF:4
BRH:0
end_of_record
TN:
SF:business\workout.business.js
FN:7,(anonymous_0)
FN:17,(anonymous_1)
FNF:2
FNH:1
FNDA:1,(anonymous_0)
FNDA:0,(anonymous_1)
DA:1,1
DA:2,1
DA:3,1
DA:4,1
DA:6,1
DA:8,1
DA:17,0
LF:7
LH:6
BRF:0
BRH:0
end_of_record
TN:
SF:controllers\workout.controller.js
FN:8,(anonymous_0)
FN:10,(anonymous_1)
FN:11,(anonymous_2)
FNF:3
FNH:2
FNDA:1,(anonymous_0)
FNDA:1,(anonymous_1)
FNDA:0,(anonymous_2)
DA:1,1
DA:2,1
DA:8,1
DA:9,1
DA:10,1
DA:11,0
LF:6
LH:5
BRF:0
BRH:0
end_of_record
TN:
SF:database\config\database.config.js
FNF:0
FNH:0
DA:1,1
DA:3,1
LF:2
LH:2
BRF:0
BRH:0
end_of_record
TN:
SF:database\models\equipment.js
FN:4,(anonymous_0)
FN:6,(anonymous_1)
FNF:2
FNH:2
FNDA:1,(anonymous_0)
FNDA:1,(anonymous_1)
DA:2,1
DA:4,1
DA:7,1
DA:10,1
DA:25,1
LF:5
LH:5
BRF:0
BRH:0
end_of_record
TN:
SF:database\models\exercise.js
FN:4,(anonymous_0)
FN:6,(anonymous_1)
FNF:2
FNH:2
FNDA:1,(anonymous_0)
FNDA:1,(anonymous_1)
DA:2,1
DA:4,1
DA:7,1
DA:8,1
DA:11,1
DA:27,1
LF:6
LH:6
BRF:0
BRH:0
end_of_record
TN:
SF:database\models\index.js
FN:17,(anonymous_0)
FN:20,(anonymous_1)
FN:25,(anonymous_2)
FNF:3
FNH:3
FNDA:4,(anonymous_0)
FNDA:3,(anonymous_1)
FNDA:3,(anonymous_2)
DA:3,1
DA:4,1
DA:5,1
DA:6,1
DA:7,1
DA:8,1
DA:9,1
DA:13,1
DA:15,1
DA:18,4
DA:21,3
DA:22,3
DA:25,1
DA:26,3
DA:27,3
DA:31,1
DA:32,1
DA:34,1
LF:18
LH:18
BRDA:7,0,0,1
BRDA:7,0,1,0
BRDA:18,1,0,4
BRDA:18,1,1,4
BRDA:18,1,2,3
BRDA:26,2,0,3
BRDA:26,2,1,0
BRF:7
BRH:5
end_of_record
TN:
SF:database\models\workout.js
FN:3,(anonymous_0)
FN:5,(anonymous_1)
FNF:2
FNH:2
FNDA:1,(anonymous_0)
FNDA:1,(anonymous_1)
DA:2,1
DA:3,1
DA:6,1
DA:9,1
DA:24,1
LF:5
LH:5
BRF:0
BRH:0
end_of_record
TN:
SF:datalayer\datalayer.js
FN:2,(anonymous_0)
FN:6,(anonymous_1)
FN:8,(anonymous_2)
FNF:3
FNH:2
FNDA:1,(anonymous_0)
FNDA:1,(anonymous_1)
FNDA:0,(anonymous_2)
DA:1,1
DA:3,1
DA:7,1
DA:8,0
LF:4
LH:3
BRF:0
BRH:0
end_of_record
TN:
SF:router\router.config.js
FN:6,(anonymous_0)
FNF:1
FNH:1
FNDA:1,(anonymous_0)
DA:1,1
DA:6,1
DA:7,1
LF:3
LH:3
BRF:0
BRH:0
end_of_record
TN:
SF:router\routes\workout.js
FNF:0
FNH:0
DA:1,1
DA:2,1
DA:3,1
DA:8,1
DA:10,1
LF:5
LH:5
BRF:0
BRH:0
end_of_record
